#######################################################################################
# log primitive debug message of FSDB dumping                                         #
# This is for R&D to analyze when there are issues happening when FSDB dump           #
#######################################################################################
ANF: vcsd_get_serial_mode_status('simv: undefined symbol: vcsd_get_serial_mode_status')
ANF: vcsd_enable_sva_success_callback('simv: undefined symbol: vcsd_enable_sva_success_callback')
ANF: vcsd_disable_sva_success_callback('simv: undefined symbol: vcsd_disable_sva_success_callback')
ANF: vcsd_get_power_scope_name('simv: undefined symbol: vcsd_get_power_scope_name')
ANF: vcsd_dump_var_vpdg('simv: undefined symbol: vcsd_dump_var_vpdg')
ANF: vcsd_begin_no_value_var_info('simv: undefined symbol: vcsd_begin_no_value_var_info')
ANF: vcsd_end_no_value_var_info('simv: undefined symbol: vcsd_end_no_value_var_info')
ANF: vcsd_remove_xprop_merge_mode_callback('simv: undefined symbol: vcsd_remove_xprop_merge_mode_callback')
ANF: vhpi_get_cb_info('simv: undefined symbol: vhpi_get_cb_info')
ANF: vhpi_free_handle('simv: undefined symbol: vhpi_free_handle')
ANF: vhpi_fetch_vcsd_handle('simv: undefined symbol: vhpi_fetch_vcsd_handle')
ANF: vhpi_fetch_vpi_handle('simv: undefined symbol: vhpi_fetch_vpi_handle')
ANF: vhpi_has_verilog_parent('simv: undefined symbol: vhpi_has_verilog_parent')
ANF: vhpi_is_verilog_scope('simv: undefined symbol: vhpi_is_verilog_scope')
ANF: scsd_xprop_is_enabled('simv: undefined symbol: scsd_xprop_is_enabled')
ANF: scsd_xprop_sig_is_promoted('simv: undefined symbol: scsd_xprop_sig_is_promoted')
ANF: scsd_xprop_int_xvalue('simv: undefined symbol: scsd_xprop_int_xvalue')
ANF: scsd_xprop_bool_xvalue('simv: undefined symbol: scsd_xprop_bool_xvalue')
ANF: scsd_xprop_enum_xvalue('simv: undefined symbol: scsd_xprop_enum_xvalue')
ANF: scsd_xprop_register_merge_mode_cb('simv: undefined symbol: scsd_xprop_register_merge_mode_cb')
ANF: scsd_xprop_delete_merge_mode_cb('simv: undefined symbol: scsd_xprop_delete_merge_mode_cb')
ANF: scsd_xprop_get_merge_mode('simv: undefined symbol: scsd_xprop_get_merge_mode')
ANF: scsd_thread_get_info('simv: undefined symbol: scsd_thread_get_info')
ANF: scsd_thread_vc_init('simv: undefined symbol: scsd_thread_vc_init')
ANF: scsd_master_set_delta_sync_cbk('simv: undefined symbol: scsd_master_set_delta_sync_cbk')
ANF: scsd_fgp_get_fsdb_cores('simv: undefined symbol: scsd_fgp_get_fsdb_cores')
ANF: scsd_fgp_get_is_cpu_affinity_disabled('simv: undefined symbol: scsd_fgp_get_is_cpu_affinity_disabled')
ANF: vdi_dt_get_vlog_variant_size_array_info('simv: undefined symbol: vdi_dt_get_vlog_variant_size_array_info')
ANF: vdi_flat_node_get_total_bit_size('simv: undefined symbol: vdi_flat_node_get_total_bit_size')
ANF: vdi_is_applylearn_flow('simv: undefined symbol: vdi_is_applylearn_flow')
ANF: vhdi_dt_get_type('simv: undefined symbol: vhdi_dt_get_type')
ANF: vhdi_dt_get_key('simv: undefined symbol: vhdi_dt_get_key')
ANF: vhdi_dt_get_vhdl_enum_info('simv: undefined symbol: vhdi_dt_get_vhdl_enum_info')
ANF: vhdi_dt_get_vhdl_physical_info('simv: undefined symbol: vhdi_dt_get_vhdl_physical_info')
ANF: vhdi_dt_get_vhdl_array_info('simv: undefined symbol: vhdi_dt_get_vhdl_array_info')
ANF: vhdi_dt_get_vhdl_record_info('simv: undefined symbol: vhdi_dt_get_vhdl_record_info')
ANF: vhdi_dt_get_vhdl_integer_range_info('simv: undefined symbol: vhdi_dt_get_vhdl_integer_range_info')
ANF: vhdi_def_traverse_module('simv: undefined symbol: vhdi_def_traverse_module')
ANF: vhdi_def_traverse_scope('simv: undefined symbol: vhdi_def_traverse_scope')
ANF: vhdi_def_traverse_variable('simv: undefined symbol: vhdi_def_traverse_variable')
ANF: vhdi_def_get_module_id_by_vhpi('simv: undefined symbol: vhdi_def_get_module_id_by_vhpi')
ANF: vhdi_def_get_handle_by_module_id('simv: undefined symbol: vhdi_def_get_handle_by_module_id')
ANF: vhdi_def_get_variable_info_by_vhpi('simv: undefined symbol: vhdi_def_get_variable_info_by_vhpi')
ANF: vhdi_def_free('simv: undefined symbol: vhdi_def_free')
ANF: vhdi_ist_traverse_scope('simv: undefined symbol: vhdi_ist_traverse_scope')
ANF: vhdi_ist_traverse_variable('simv: undefined symbol: vhdi_ist_traverse_variable')
ANF: vhdi_ist_convert_by_vhpi('simv: undefined symbol: vhdi_ist_convert_by_vhpi')
ANF: vhdi_ist_clone('simv: undefined symbol: vhdi_ist_clone')
ANF: vhdi_ist_free('simv: undefined symbol: vhdi_ist_free')
ANF: vhdi_ist_hash_key('simv: undefined symbol: vhdi_ist_hash_key')
ANF: vhdi_ist_compare('simv: undefined symbol: vhdi_ist_compare')
ANF: vhdi_ist_get_value_addr('simv: undefined symbol: vhdi_ist_get_value_addr')
ANF: vhdi_set_scsd_callback('simv: undefined symbol: vhdi_set_scsd_callback')
ANF: vhdi_cbk_set_force_callback('simv: undefined symbol: vhdi_cbk_set_force_callback')
ANF: vhdi_trigger_init_force('simv: undefined symbol: vhdi_trigger_init_force')
ANF: vhdi_ist_check_scsd_callback('simv: undefined symbol: vhdi_ist_check_scsd_callback')
ANF: vhdi_ist_add_scsd_callback('simv: undefined symbol: vhdi_ist_add_scsd_callback')
ANF: vhdi_ist_remove_scsd_callback('simv: undefined symbol: vhdi_ist_remove_scsd_callback')
ANF: vhdi_ist_get_scsd_user_data('simv: undefined symbol: vhdi_ist_get_scsd_user_data')
ANF: vhdi_add_time_change_callback('simv: undefined symbol: vhdi_add_time_change_callback')
ANF: vhdi_get_real_value_by_value_addr('simv: undefined symbol: vhdi_get_real_value_by_value_addr')
ANF: vhdi_get_64_value_by_value_addr('simv: undefined symbol: vhdi_get_64_value_by_value_addr')
ANF: vhdi_xprop_inst_is_promoted('simv: undefined symbol: vhdi_xprop_inst_is_promoted')
ANF: vdi_ist_convert_by_vhdi('simv: undefined symbol: vdi_ist_convert_by_vhdi')
ANF: vhdi_ist_get_module_id('simv: undefined symbol: vhdi_ist_get_module_id')
ANF: vhdi_refine_foreign_scope_type('simv: undefined symbol: vhdi_refine_foreign_scope_type')
ANF: vhdi_flush_callback('simv: undefined symbol: vhdi_flush_callback')
ANF: vhdi_set_orig_name('simv: undefined symbol: vhdi_set_orig_name')
ANF: vhdi_set_dump_pt('simv: undefined symbol: vhdi_set_dump_pt')
ANF: vhdi_set_int_subtype('simv: undefined symbol: vhdi_set_int_subtype')
ANF: vhdi_set_fixed_point('simv: undefined symbol: vhdi_set_fixed_point')
ANF: vhdi_get_fsdb_option('simv: undefined symbol: vhdi_get_fsdb_option')
ANF: vhdi_fgp_get_mode('simv: undefined symbol: vhdi_fgp_get_mode')
ANF: vhdi_node_register_composite_var('simv: undefined symbol: vhdi_node_register_composite_var')
ANF: vhdi_node_analysis('simv: undefined symbol: vhdi_node_analysis')
ANF: vhdi_node_id('simv: undefined symbol: vhdi_node_id')
ANF: vhdi_node_ist_check_scsd_callback('simv: undefined symbol: vhdi_node_ist_check_scsd_callback')
ANF: vhdi_node_ist_add_scsd_callback('simv: undefined symbol: vhdi_node_ist_add_scsd_callback')
ANF: vhdi_node_ist_get_value_addr('simv: undefined symbol: vhdi_node_ist_get_value_addr')
ANF: vhdi_enc_def_traverse_module('simv: undefined symbol: vhdi_enc_def_traverse_module')
ANF: vhdi_enc_def_traverse_scope('simv: undefined symbol: vhdi_enc_def_traverse_scope')
ANF: vhdi_enc_def_traverse_variable('simv: undefined symbol: vhdi_enc_def_traverse_variable')
ANF: vhdi_enc_ist_traverse_scope('simv: undefined symbol: vhdi_enc_ist_traverse_scope')
ANF: vhdi_enc_ist_traverse_variable('simv: undefined symbol: vhdi_enc_ist_traverse_variable')
ANF: vhdi_enc_ist_get_module_id('simv: undefined symbol: vhdi_enc_ist_get_module_id')
ANF: vhdi_enc_def_get_handle_by_module_id('simv: undefined symbol: vhdi_enc_def_get_handle_by_module_id')
VCS compile option:
 option[0]: simv
 option[1]: +vcs+lic+wait
 option[2]: -a
 option[3]: vcs.log
 option[4]: /usr/synopsys/vcs/U-2023.03-SP2/linux64/bin/vcs1
 option[5]: -Mcc=gcc
 option[6]: -Mcplusplus=g++
 option[7]: -Masflags=
 option[8]: -Mcfl= -pipe -fPIC -O -I/usr/synopsys/vcs/U-2023.03-SP2/include 
 option[9]: -Mxllcflags=
 option[10]: -Mxcflags= -pipe -fPIC -I/usr/synopsys/vcs/U-2023.03-SP2/include
 option[11]: -Mldflags= -rdynamic 
 option[12]: -Mout=simv
 option[13]: -Mamsrun=
 option[14]: -Mvcsaceobjs=
 option[15]: -Mobjects= /usr/synopsys/vcs/U-2023.03-SP2/linux64/lib/libvirsim.so /usr/synopsys/vcs/U-2023.03-SP2/linux64/lib/liberrorinf.so /usr/synopsys/vcs/U-2023.03-SP2/linux64/lib/libsnpsmalloc.so /usr/synopsys/vcs/U-2023.03-SP2/linux64/lib/libvfs.so 
 option[16]: -Mexternalobj=
 option[17]: -Msaverestoreobj=/usr/synopsys/vcs/U-2023.03-SP2/linux64/lib/vcs_save_restore_new.o
 option[18]: -Mcrt0=
 option[19]: -Mcrtn=
 option[20]: -Mcsrc=
 option[21]: -Msyslibs=/usr/synopsys/verdi/U-2023.03-SP2-2/share/PLI/VCS/LINUX64/pli.a -ldl 
 option[22]: -l
 option[23]: vcs.log
 option[24]: -Xvcs_run_simv=1
 option[25]: -full64
 option[26]: +vcs+lic+wait
 option[27]: -kdb
 option[28]: -Xufe=2steps
 option[29]: -debug_access+all
 option[30]: +vpi
 option[31]: +vcsd1
 option[32]: +itf+/usr/synopsys/vcs/U-2023.03-SP2/linux64/lib/vcsdp_lite.tab
 option[33]: -override_timescale=1ps/1ps
 option[34]: -picarchive
 option[35]: -P
 option[36]: /usr/synopsys/verdi/U-2023.03-SP2-2/share/PLI/VCS/LINUX64/verdi.tab
 option[37]: -fsdb
 option[38]: -sverilog
 option[39]: -gen_obj
 option[40]: ../../rtl/verilog/fault_sm.v
 option[41]: ../../rtl/verilog/generic_fifo_ctrl.v
 option[42]: ../../rtl/verilog/generic_fifo.v
 option[43]: ../../rtl/verilog/generic_mem_medium.v
 option[44]: ../../rtl/verilog/generic_mem_small.v
 option[45]: ../../rtl/verilog/meta_sync_single.v
 option[46]: ../../rtl/verilog/meta_sync.v
 option[47]: ../../rtl/verilog/rx_data_fifo.v
 option[48]: ../../rtl/verilog/rx_dequeue.v
 option[49]: ../../rtl/verilog/rx_enqueue.v
 option[50]: ../../rtl/verilog/rx_hold_fifo.v
 option[51]: ../../rtl/verilog/sync_clk_core.v
 option[52]: ../../rtl/verilog/sync_clk_wb.v
 option[53]: ../../rtl/verilog/sync_clk_xgmii_tx.v
 option[54]: ../../rtl/verilog/tx_data_fifo.v
 option[55]: ../../rtl/verilog/tx_dequeue.v
 option[56]: ../../rtl/verilog/tx_enqueue.v
 option[57]: ../../rtl/verilog/tx_hold_fifo.v
 option[58]: ../../rtl/verilog/wishbone_if.v
 option[59]: ../../rtl/verilog/xge_mac.v
 option[60]: +incdir+../../rtl/include
 option[61]: ../../testbench/verilog/tb_xge_mac.sv
 option[62]: -load
 option[63]: /usr/synopsys/verdi/U-2023.03-SP2-2/share/PLI/VCS/LINUX64/libnovas.so:FSDBDumpCmd
Chronologic Simulation VCS Release U-2023.03-SP2_Full64
Linux 3.10.0-1160.105.1.el7.x86_64 #1 SMP Mon Nov 6 06:58:51 EST 2023 x86_64
CPU cores: 8
Limit information:
======================================
cputime		unlimited
filesize		unlimited
datasize		unlimited
stacksize		8194 kbytes
coredumpsize		0 kbytes
memoryuse		unlimited
vmemoryuse		unlimited
descriptors		4096
memorylocked		64 kbytes
maxproc		4096
======================================
(Special)Runtime environment variables:

Runtime environment variables:
SNPS_VCS_INTERNAL_MAKE_OPT=
XDG_SESSION_ID=28969
SYNOPSYS_TMAX=/usr/synopsys/syn/U-2022.12-SP7-1/
HOSTNAME=VLSI04.ucsc-extension.edu
SNPS_VERDI_INTERNAL_LP_XML_NEW_FLOW=1
UNAME=/bin/uname
SELINUX_ROLE_REQUESTED=
SNPS_VCS_PYTHON3=/usr/synopsys/vcs/U-2023.03-SP2/linux64/bin/Python-3.6.1/bin/python3
SCRNAME=vcs
VCS_DEPTH=0
JASPERPATH=/usr/cadence/JASPER/bin
TERM=xterm-256color
SHELL=/bin/bash
SKIP_CDS_DIALOG=
HISTSIZE=1000
SIGRITYHOME=/usr/cadence/SIGRITY20211
SSH_CLIENT=172.17.17.167 57431 22
SELINUX_USE_CURRENT_RANGE=
VCS_LOG_FILE=vcs.log
QTDIR=/usr/lib64/qt-3.3
QTINC=/usr/lib64/qt-3.3/include
MVSHOME=/usr/cadence/MVS211
Formality_ESP=/usr/synopsys/esp/U-2022.12-SP5-2/
SSH_TTY=/dev/pts/39
LC_ALL=C
SNPS_VCS_INTERNAL_ROOT_PID=16122
QT_GRAPHICSSYSTEM_CHECKED=1
USER=sf10274
LD_LIBRARY_PATH=/usr/synopsys/vcs/U-2023.03-SP2/lib:/usr/synopsys/vcs/U-2023.03-SP2/linux64/lib:
LS_COLORS=rs=0:di=38;5;27:ln=38;5;51:mh=44;38;5;15:pi=40;38;5;11:so=38;5;13:do=38;5;5:bd=48;5;232;38;5;11:cd=48;5;232;38;5;3:or=48;5;232;38;5;9:mi=05;48;5;232;38;5;15:su=48;5;196;38;5;15:sg=48;5;11;38;5;16:ca=48;5;196;38;5;226:tw=48;5;10;38;5;16:ow=48;5;10;38;5;21:st=48;5;21;38;5;15:ex=38;5;34:*.tar=38;5;9:*.tgz=38;5;9:*.arc=38;5;9:*.arj=38;5;9:*.taz=38;5;9:*.lha=38;5;9:*.lz4=38;5;9:*.lzh=38;5;9:*.lzma=38;5;9:*.tlz=38;5;9:*.txz=38;5;9:*.tzo=38;5;9:*.t7z=38;5;9:*.zip=38;5;9:*.z=38;5;9:*.Z=38;5;9:*.dz=38;5;9:*.gz=38;5;9:*.lrz=38;5;9:*.lz=38;5;9:*.lzo=38;5;9:*.xz=38;5;9:*.bz2=38;5;9:*.bz=38;5;9:*.tbz=38;5;9:*.tbz2=38;5;9:*.tz=38;5;9:*.deb=38;5;9:*.rpm=38;5;9:*.jar=38;5;9:*.war=38;5;9:*.ear=38;5;9:*.sar=38;5;9:*.rar=38;5;9:*.alz=38;5;9:*.ace=38;5;9:*.zoo=38;5;9:*.cpio=38;5;9:*.7z=38;5;9:*.rz=38;5;9:*.cab=38;5;9:*.jpg=38;5;13:*.jpeg=38;5;13:*.gif=38;5;13:*.bmp=38;5;13:*.pbm=38;5;13:*.pgm=38;5;13:*.ppm=38;5;13:*.tga=38;5;13:*.xbm=38;5;13:*.xpm=38;5;13:*.tif=38;5;13:*.tiff=38;5;13:*.png=38;5;13:*.svg=38;5;13:*.svgz=38;5;13:*.mng=38;5;13:*.pcx=38;5;13:*.mov=38;5;13:*.mpg=38;5;13:*.mpeg=38;5;13:*.m2v=38;5;13:*.mkv=38;5;13:*.webm=38;5;13:*.ogm=38;5;13:*.mp4=38;5;13:*.m4v=38;5;13:*.mp4v=38;5;13:*.vob=38;5;13:*.qt=38;5;13:*.nuv=38;5;13:*.wmv=38;5;13:*.asf=38;5;13:*.rm=38;5;13:*.rmvb=38;5;13:*.flc=38;5;13:*.avi=38;5;13:*.fli=38;5;13:*.flv=38;5;13:*.gl=38;5;13:*.dl=38;5;13:*.xcf=38;5;13:*.xwd=38;5;13:*.yuv=38;5;13:*.cgm=38;5;13:*.emf=38;5;13:*.axv=38;5;13:*.anx=38;5;13:*.ogv=38;5;13:*.ogx=38;5;13:*.aac=38;5;45:*.au=38;5;45:*.flac=38;5;45:*.mid=38;5;45:*.midi=38;5;45:*.mka=38;5;45:*.mp3=38;5;45:*.mpc=38;5;45:*.ogg=38;5;45:*.ra=38;5;45:*.wav=38;5;45:*.axa=38;5;45:*.oga=38;5;45:*.spx=38;5;45:*.xspf=38;5;45:
W3264_NO_HOST_CHECK=1
SCRIPT_NAME=vcs
VCS_MX_HOME_INTERNAL=1
CDS_SITE=
SNPS_VCS_CLANG_PATH=/usr/synopsys/vcs/U-2023.03-SP2/linux64/clang
INNOVUSPATH=/usr/cadence/INNOVUS191/tools/bin:/usr/cadence/INNOVUS191/tools/dfII/bin
SNPSLMD_LICENSE_FILE=27020@StudentLicenseServer.ucsc-extension.edu
OVA_UUM=0
SWROOT=/usr
VCS_MODE_FLAG=64
VC_STATIC_HOME=/usr/synopsys/vc_static/U-2023.03-SP2/
MAIL=/var/spool/mail/sf10274
PATH=.:/usr/synopsys/vcs/U-2023.03-SP2/bin:/usr/synopsys/verdi/U-2023.03-SP2-2/bin:/usr/lib64/qt-3.3/bin:/usr/local/bin:/usr/bin:/usr/local/sbin:/usr/sbin:/usr/cadence/XCELIUM2009/tools/bin:/usr/cadence/XCELIUM2009/tools/dfII/bin:/usr/cadence/SIGRITY20211/tools/bin:/usr/cadence/SIGRITY20211/tools/dfII/bin:/usr/cadence/MVS211/tools/bin:/usr/cadence/MVS211/tools/dfII/bin:/usr/cadence/INNOVUS191/tools/bin:/usr/cadence/INNOVUS191/tools/dfII/bin:/usr/cadence/SSV211/tools/bin:/usr/cadence/SSV211/tools/dfII/bin:/usr/cadence/JASPER/bin:/usr/synopsys/syn/U-2022.12-SP7-1//bin:/synopsys/current/customcompiler/bin:#/synopsys/current/cdesigner/bin:/synopsys/current/cscope/ai_bin:#/synopsys/current/cx/bin:#/synopsys/current/dve/bin:/synopsys/current/esp/bin:/synopsys/current/fm/bin:/synopsys/current/hspice/hspice/linux64:#/synopsys/current/icc/bin:/synopsys/current/icc2/bin:/synopsys/current/idq/linux64/iddq/bin:/synopsys/current/lc/bin:#/synopsys/current/pts/bin:/synopsys/current/prime/bin:/synopsys/current/syn/amd64/syn/bin:#/synopsys/current/tx/amd64/syn/bin:/synopsys/current/txs/bin:#/synopsys/current/vcs-mx/bin:#/synopsys/current/vera/vera_vI-2014.03-2_linux/bin:#/synopsys/current/hercules/bin/AMD.64:/synopsys/current/fpga/bin:/synopsys/current/starrc/linux64_starrc/bin:/synopsys/current/icv/bin/linux64:/synopsys/current/vcstatic/bin:/synopsys/current/wv/bin:/synopsys/current/xa/bin:/synopsys/current/vcs/bin:/synopsys/current/spyglass/bin:/synopsys/current/verdi/bin:/synopsys/current/identity/bin:/synopsys/current/nt/bin:/usr/lib64:.:/home/sf10274/.local/bin:/home/sf10274/bin
SYSTEM_CDS_LIB_DIR=/cdssetup
SNPS_VCS_INTERNAL_CURR_PID=16122
VERDI_HOME=/usr/synopsys/verdi/U-2023.03-SP2-2
PWD=/home/sf10274/AlbertLand/0UVMgetinfo/lab-project-10gEthernetMAC/sim/verilog
VCS_HOME=/usr/synopsys/vcs/U-2023.03-SP2
SNPS_VCS_INTERNAL_MEMPRELOAD_USE_LIBC=1
SNPS_INTERNAL_VCS_LINUX_OS=linux
SIGRITYPATH=/usr/cadence/SIGRITY20211/tools/bin:/usr/cadence/SIGRITY20211/tools/dfII/bin
LANG=en_US.UTF-8
SSVPATH=/usr/cadence/SSV211/tools/bin:/usr/cadence/SSV211/tools/dfII/bin
TURBO_LOG_DIR=/tmp/vcs_20240608234153_16122
VMR_MODE_FLAG=64
SELINUX_LEVEL_REQUESTED=
SYNOPSYS=/usr/synopsys/syn/U-2022.12-SP7-1/
CDS_Netlisting_Mode=Analog
LM_LICENSE_FILE=27000@license.soe.ucsc.edu
INNOVUSHOME=/usr/cadence/INNOVUS191
HISTCONTROL=ignoredups
VCS_ARG_ADDED_FOR_TMP=1
SNPS_VCS_TMPDIR=/tmp/vcs_20240608234153_16122
SHLVL=3
HOME=/home/sf10274
ICV_HOME_DIR=/usr/synopsys/icvalidator/U-2022.12-SP5/
CDS_AUTO_64BIT=ALL
CDN_SYNTH_ROOT=/usr/cadence/rc/tools.lnx86
VCS_COM=/usr/synopsys/vcs/U-2023.03-SP2/linux64/bin/vcs1
XCELIUMPATH=/usr/cadence/XCELIUM2009/tools/bin:/usr/cadence/XCELIUM2009/tools/dfII/bin
LOGNAME=sf10274
SNPS_VCS_INTERNAL_MAKE=make
QTLIB=/usr/lib64/qt-3.3/lib
CVS_RSH=ssh
SNPS_VCS_INTERNAL_ROOT_START_TIME=1717890113.153321330
XDG_DATA_DIRS=/home/sf10274/.local/share/flatpak/exports/share:/var/lib/flatpak/exports/share:/usr/local/share:/usr/share
SSVHOME=/usr/cadence/SSV211
SSH_CONNECTION=172.17.17.167 57431 10.20.250.17 22
CDS_LIC_FILE=27000@license.soe.ucsc.edu
LESSOPEN=||/usr/bin/lesspipe.sh %s
SYNPLIFYPRO_LICENSE_TYPE=synplifypremierdp
OA_UNSUPPORTED_PLAT=linux_rhel50_gcc48x
sysc_uni_pwd=/home/sf10274/AlbertLand/0UVMgetinfo/lab-project-10gEthernetMAC/sim/verilog
SKIP_CDSLIB_MANAGER=
XCELIUMHOME=/usr/cadence/XCELIUM2009
XDG_RUNTIME_DIR=/run/user/2703
DISPLAY=localhost:10.0
VCS_ARCH=linux64
TOOL_HOME=/usr/synopsys/vcs/U-2023.03-SP2/linux64
MVSPATH=/usr/cadence/MVS211/tools/bin:/usr/cadence/MVS211/tools/dfII/bin
_=./simv
OLDPWD=/home/sf10274/AlbertLand/0UVMgetinfo/lab-project-10gEthernetMAC/sim/verilog/simv.daidir/debug_dump/fsearch
VCS_PATHMAP_PRELOAD_DONE=1
VCS_EXEC_DONE=1
DVE=/usr/synopsys/vcs/U-2023.03-SP2/gui/dve
SPECMAN_OUTPUT_TO_TTY=1
FLEXLM_BORROWFILE=/home/sf10274/.VLSI04.ucsc-extension.edu-borrow.txt
Runtime command line arguments:
argv[0]=simv
argv[1]=+vcs+lic+wait
argv[2]=-a
argv[3]=vcs.log
276 profile - 100
          CPU/Mem usage: 0.040 sys,  0.230 user,  268.29M mem
277 Elapsed time:    0:00:00    Sat Jun  8 16:41:55 2024
278 User CPU time used: 0 seconds
279 System CPU time used: 0 seconds
280 pliAppInit
281 [SC]Init: MemoryConsumed=0.00MB ElapsedTime=0hour 0min. 0sec.
282 FSDB_GATE is set.
283 FSDB_RTL is set.
284 FSDB_ALIAS_ARRAY_ELEM is set to 4294967295.
285 Enable Parallel Dumping.
286 pliAppMiscSet: New Sim Round
287 pliEntryInit
288 LIBSSCORE=found /usr/synopsys/verdi/U-2023.03-SP2-2/share/PLI/lib/LINUXAMD64/libsscore_vcs202303.so through $NOVAS_HOME setting.
289 FSDB Dumper for VCS, Release Verdi_U-2023.03-SP2-2, Linux x86_64/64bit, 11/22/2023
290 (C) 1996 - 2023 by Synopsys, Inc.
291 DVDI_is_vir_unload_enabled is enable
292 FSDB_VCS_ENABLE_NATIVE_VC is enable
293 sps_call_fsdbDumpvars_vd_main at 0 : ../../testbench/verilog/tb_xge_mac.sv(251)
294 *Verdi* : Create FSDB file 'novas.fsdb'
295 [spi_vcs_vd_ppi_create_root]: no upf option
296 compile option from '/home/sf10274/AlbertLand/0UVMgetinfo/lab-project-10gEthernetMAC/sim/verilog/simv.daidir/vcs_rebuild'.
297   "vcs '-full64' '+vcs+lic+wait' '-sverilog' '-R' '-l' 'vcs.log' '-kdb' '-debug_access+all' '-override_timescale=1ps/1ps' '../../rtl/verilog/fault_sm.v' '../../rtl/verilog/generic_fifo_ctrl.v' '../../rtl/verilog/generic_fifo.v' '../../rtl/verilog/generic_mem_medium.v' '../../rtl/verilog/generic_mem_small.v' '../../rtl/verilog/meta_sync_single.v' '../../rtl/verilog/meta_sync.v' '../../rtl/verilog/rx_data_fifo.v' '../../rtl/verilog/rx_dequeue.v' '../../rtl/verilog/rx_enqueue.v' '../../rtl/verilog/rx_hold_fifo.v' '../../rtl/verilog/sync_clk_core.v' '../../rtl/verilog/sync_clk_wb.v' '../../rtl/verilog/sync_clk_xgmii_tx.v' '../../rtl/verilog/tx_data_fifo.v' '../../rtl/verilog/tx_dequeue.v' '../../rtl/verilog/tx_enqueue.v' '../../rtl/verilog/tx_hold_fifo.v' '../../rtl/verilog/wishbone_if.v' '../../rtl/verilog/xge_mac.v' '+incdir+../../rtl/include' '../../testbench/verilog/tb_xge_mac.sv' 2>&1"
298 *Verdi* : Begin traversing the scopes, layer (0).
299 *Verdi* : End of traversing.
300 pliAppHDL_DumpVarComplete traverse var: profile - 
          CPU/Mem usage: 0.060 sys,  0.250 user,  369.03M mem
                   incr: 0.010 sys,  0.010 user,  9.02M mem
                   accu: 0.010 sys,  0.010 user,  9.02M mem
              accu incr: 0.010 sys,  0.010 user,  9.02M mem

          Count usage: 751 var,  437 idcode,  267 callback
                 incr: 751 var,  437 idcode,  267 callback
                 accu: 751 var,  437 idcode,  267 callback
            accu incr: 751 var,  437 idcode,  267 callback
301 Elapsed time:    0:00:00    Sat Jun  8 16:41:55 2024
302 User CPU time used: 0 seconds
303 System CPU time used: 0 seconds
304 pliAppHDL_DumpVarComplete: profile - 
          CPU/Mem usage: 0.060 sys,  0.250 user,  370.08M mem
                   incr: 0.000 sys,  0.000 user,  1.05M mem
                   accu: 0.010 sys,  0.010 user,  10.08M mem
              accu incr: 0.000 sys,  0.000 user,  1.05M mem

          Count usage: 751 var,  437 idcode,  267 callback
                 incr: 0 var,  0 idcode,  0 callback
                 accu: 751 var,  437 idcode,  267 callback
            accu incr: 0 var,  0 idcode,  0 callback
305 Elapsed time:    0:00:00    Sat Jun  8 16:41:55 2024
306 User CPU time used: 0 seconds
307 System CPU time used: 0 seconds
308 End of simulation at 55597800
309 Memory usage: 370.082 M
310 Maximum resident set size: 80 MB
311 Hard page faults: 0
312 Soft page faults: 30972
313 Elapsed time:    0:00:00    Sat Jun  8 16:41:55 2024
314 User CPU time used: 0 seconds
315 System CPU time used: 0 seconds
316 Begin FSDB profile info:
317 FSDB Writer : bc1(87115) bcn(324) mtf/stf(0/0)
FSDB Writer elapsed time : flush(0.002442) io wait(0.000000) theadpool wait(0.000000)
FSDB Writer cpu time : MT Compression : 0
318 End FSDB profile info
319 FSDB closed. Name: novas.fsdb Size: 39565
320 Parallel profile     - ProducerThread:1 ConsumerThread:1 Buffer:64MB
321                      - BlockUsed:1 Acquire:0 BufferUsed:1466045
322                      - Flush:2 Expand:0 ProducerWait:0 ConsumerWait:0
323                      - MainProducerTime:0.345398561 TotalConsumerTime:0.000000000
324                      - ElapsedTime:0.064704000
325 Producer   0 profile - BlockUsed:2 Acquire:0 BufferUsed:1466045
326 Consumer   0 profile - Affinity:-1 CPUTime:0.000000000 LifeTime:0.000000000 (-nan%)
327                      - BlockUsed:2 Acquire:0 BufferUsed:1466045
328 SimExit
329 Elapsed time:    0:00:00    Sat Jun  8 16:41:55 2024
330 User CPU time used: 0 seconds
331 System CPU time used: 0 seconds
332 Sim process exit
