Command: vcs -full64 +vcs+lic+wait -sverilog -R -l vcs.log -kdb -debug_access+all \
-override_timescale=1ps/1ps ../../rtl/verilog/fault_sm.v ../../rtl/verilog/generic_fifo_ctrl.v \
../../rtl/verilog/generic_fifo.v ../../rtl/verilog/generic_mem_medium.v ../../rtl/verilog/generic_mem_small.v \
../../rtl/verilog/meta_sync_single.v ../../rtl/verilog/meta_sync.v ../../rtl/verilog/rx_data_fifo.v \
../../rtl/verilog/rx_dequeue.v ../../rtl/verilog/rx_enqueue.v ../../rtl/verilog/rx_hold_fifo.v \
../../rtl/verilog/sync_clk_core.v ../../rtl/verilog/sync_clk_wb.v ../../rtl/verilog/sync_clk_xgmii_tx.v \
../../rtl/verilog/tx_data_fifo.v ../../rtl/verilog/tx_dequeue.v ../../rtl/verilog/tx_enqueue.v \
../../rtl/verilog/tx_hold_fifo.v ../../rtl/verilog/wishbone_if.v ../../rtl/verilog/xge_mac.v \
+incdir+../../rtl/include ../../testbench/verilog/tb_xge_mac.sv
                         Chronologic VCS (TM)
       Version U-2023.03-SP2_Full64 -- Tue Jun  4 10:42:11 2024

                    Copyright (c) 1991 - 2023 Synopsys, Inc.
   This software and the associated documentation are proprietary to Synopsys,
 Inc. This software may only be used in accordance with the terms and conditions
 of a written license agreement with Synopsys, Inc. All other use, reproduction,
   or distribution of this software is strictly prohibited.  Licensed Products
     communicate with Synopsys servers for the purpose of providing software
    updates, detecting software piracy and verifying that customers are using
    Licensed Products in conformity with the applicable License Key for such
  Licensed Products. Synopsys will use information gathered in connection with
    this process to deliver software updates and pursue software pirates and
                                   infringers.

 Inclusivity & Diversity - Visit SolvNetPlus to read the "Synopsys Statement on
            Inclusivity and Diversity" (Refer to article 000036315 at
                        https://solvnetplus.synopsys.com)

Parsing design file '../../rtl/verilog/fault_sm.v'
Parsing included file '../../rtl/include/defines.v'.
Back to file '../../rtl/verilog/fault_sm.v'.
Parsing design file '../../rtl/verilog/generic_fifo_ctrl.v'
Parsing design file '../../rtl/verilog/generic_fifo.v'
Parsing included file '../../rtl/include/defines.v'.
Back to file '../../rtl/verilog/generic_fifo.v'.
Parsing design file '../../rtl/verilog/generic_mem_medium.v'
Parsing design file '../../rtl/verilog/generic_mem_small.v'
Parsing design file '../../rtl/verilog/meta_sync_single.v'
Parsing design file '../../rtl/verilog/meta_sync.v'
Parsing design file '../../rtl/verilog/rx_data_fifo.v'
Parsing included file '../../rtl/include/defines.v'.
Back to file '../../rtl/verilog/rx_data_fifo.v'.
Parsing design file '../../rtl/verilog/rx_dequeue.v'
Parsing included file '../../rtl/include/defines.v'.
Back to file '../../rtl/verilog/rx_dequeue.v'.
Parsing design file '../../rtl/verilog/rx_enqueue.v'
Parsing included file '../../rtl/include/defines.v'.
Back to file '../../rtl/verilog/rx_enqueue.v'.
Parsing included file '../../rtl/include/CRC32_D64.v'.
Back to file '../../rtl/verilog/rx_enqueue.v'.
Parsing included file '../../rtl/include/CRC32_D8.v'.
Back to file '../../rtl/verilog/rx_enqueue.v'.
Parsing included file '../../rtl/include/utils.v'.
Back to file '../../rtl/verilog/rx_enqueue.v'.
Parsing design file '../../rtl/verilog/rx_hold_fifo.v'
Parsing included file '../../rtl/include/defines.v'.
Back to file '../../rtl/verilog/rx_hold_fifo.v'.
Parsing design file '../../rtl/verilog/sync_clk_core.v'
Parsing included file '../../rtl/include/defines.v'.
Back to file '../../rtl/verilog/sync_clk_core.v'.
Parsing design file '../../rtl/verilog/sync_clk_wb.v'
Parsing included file '../../rtl/include/defines.v'.
Back to file '../../rtl/verilog/sync_clk_wb.v'.
Parsing design file '../../rtl/verilog/sync_clk_xgmii_tx.v'
Parsing included file '../../rtl/include/defines.v'.
Back to file '../../rtl/verilog/sync_clk_xgmii_tx.v'.
Parsing design file '../../rtl/verilog/tx_data_fifo.v'
Parsing included file '../../rtl/include/defines.v'.
Back to file '../../rtl/verilog/tx_data_fifo.v'.
Parsing design file '../../rtl/verilog/tx_dequeue.v'
Parsing included file '../../rtl/include/defines.v'.
Back to file '../../rtl/verilog/tx_dequeue.v'.
Parsing included file '../../rtl/include/CRC32_D64.v'.
Back to file '../../rtl/verilog/tx_dequeue.v'.
Parsing included file '../../rtl/include/CRC32_D8.v'.
Back to file '../../rtl/verilog/tx_dequeue.v'.
Parsing included file '../../rtl/include/utils.v'.
Back to file '../../rtl/verilog/tx_dequeue.v'.
Parsing design file '../../rtl/verilog/tx_enqueue.v'
Parsing included file '../../rtl/include/defines.v'.
Back to file '../../rtl/verilog/tx_enqueue.v'.
Parsing included file '../../rtl/include/CRC32_D64.v'.
Back to file '../../rtl/verilog/tx_enqueue.v'.
Parsing included file '../../rtl/include/CRC32_D8.v'.
Back to file '../../rtl/verilog/tx_enqueue.v'.
Parsing included file '../../rtl/include/utils.v'.
Back to file '../../rtl/verilog/tx_enqueue.v'.
Parsing design file '../../rtl/verilog/tx_hold_fifo.v'
Parsing included file '../../rtl/include/defines.v'.
Back to file '../../rtl/verilog/tx_hold_fifo.v'.
Parsing design file '../../rtl/verilog/wishbone_if.v'
Parsing included file '../../rtl/include/defines.v'.
Back to file '../../rtl/verilog/wishbone_if.v'.
Parsing design file '../../rtl/verilog/xge_mac.v'
Parsing included file '../../rtl/include/defines.v'.
Back to file '../../rtl/verilog/xge_mac.v'.
Parsing design file '../../testbench/verilog/tb_xge_mac.sv'
Parsing included file '../../rtl/include/timescale.v'.
Back to file '../../testbench/verilog/tb_xge_mac.sv'.
Parsing included file '../../rtl/include/defines.v'.
Back to file '../../testbench/verilog/tb_xge_mac.sv'.
Top Level Modules:
       tb
TimeScale is 1 ps / 1 ps
Starting vcs inline pass...

Notice: Ports coerced to inout, use -notice for details
7 modules and 0 UDP read.
recompiling module fault_sm
recompiling module generic_fifo_ctrl
recompiling module rx_dequeue
recompiling module sync_clk_wb
recompiling module tx_enqueue
recompiling module wishbone_if
recompiling module tb
All of 7 modules done
rm -f _cuarc*.so _csrc*.so pre_vcsobj_*.so share_vcsobj_*.so
if [ -x ../simv ]; then chmod a-x ../simv; fi
g++  -o ../simv      -rdynamic  -Wl,-rpath='$ORIGIN'/simv.daidir -Wl,-rpath=./simv.daidir \
-Wl,-rpath=/usr/synopsys/vcs/U-2023.03-SP2/linux64/lib -L/usr/synopsys/vcs/U-2023.03-SP2/linux64/lib \
-Wl,-rpath-link=./  /usr/lib64/libnuma.so.1   objs/amcQw_d.o   _12585_archive_1.so \
SIM_l.o      rmapats_mop.o rmapats.o rmar.o rmar_nd.o  rmar_llvm_0_1.o rmar_llvm_0_0.o \
-lvirsim -lerrorinf -lsnpsmalloc -lvfs    -lvcsnew -lsimprofile -luclinative /usr/synopsys/vcs/U-2023.03-SP2/linux64/lib/vcs_tls.o \
-Wl,-whole-archive  -lvcsucli    -Wl,-no-whole-archive        _vcs_pli_stub_.o   \
/usr/synopsys/vcs/U-2023.03-SP2/linux64/lib/vcs_save_restore_new.o /usr/synopsys/verdi/U-2023.03-SP2-2/share/PLI/VCS/LINUX64/pli.a \
-ldl  -lc -lm -lpthread -ldl 
../simv up to date
Command: /home/sf10274/AlbertLand/0UVMgetinfo/lab-project-10gEthernetMAC/sim/verilog/./simv +vcs+lic+wait -a vcs.log
Chronologic VCS simulator copyright 1991-2023
Contains Synopsys proprietary information.
Compiler version U-2023.03-SP2_Full64; Runtime version U-2023.03-SP2_Full64;  Jun  4 10:42 2024
*Verdi* Loading libsscore_vcs202303.so
FSDB Dumper for VCS, Release Verdi_U-2023.03-SP2-2, Linux x86_64/64bit, 11/22/2023
(C) 1996 - 2023 by Synopsys, Inc.
*Verdi* : Create FSDB file 'novas.fsdb'
*Verdi* : Begin traversing the scopes, layer (0).
*Verdi* : End of traversing.
CMD SEND_PKT
Transmit packet with length:          59
CMD SEND_PKT
Transmit packet with length:          60
CMD SEND_PKT
Transmit packet with length:          61
CMD SEND_PKT
Transmit packet with length:          62
CMD SEND_PKT
Transmit packet with length:          63


------------------------
Received Packet
------------------------
0000010000010010
9400000288b50001
CMD SEND_PKT
Transmit packet with length:          64
0203040506070809
0a0b0c0d0e0f1011
1213141516171819
1a1b1c1d1e1f2021
2223242526272829
2a2b2c000e3d4784
------------------------


CMD SEND_PKT
Transmit packet with length:          65


------------------------
Received Packet
------------------------
0000010000010010
9400000288b50001
0203040506070809
0a0b0c0d0e0f1011
1213141516171819
1a1b1c1d1e1f2021
2223242526272829
2a2b2c2d7b6198c1
------------------------


CMD SEND_PKT
Transmit packet with length:          66


------------------------
Received Packet
------------------------
0000010000010010
9400000288b50001
0203040506070809
0a0b0c0d0e0f1011
1213141516171819
1a1b1c1d1e1f2021
2223242526272829
2a2b2c2d2e97d2c2
------------------------


CMD SEND_PKT
Transmit packet with length:          67


------------------------
Received Packet
------------------------
0000010000010010
9400000288b50001
0203040506070809
0a0b0c0d0e0f1011
1213141516171819
1a1b1c1d1e1f2021
2223242526272829
2a2b2c2d2e2fe116
------------------------


CMD SEND_PKT
Transmit packet with length:          68


------------------------
Received Packet
------------------------
0000010000010010
9400000288b50001
0203040506070809
0a0b0c0d0e0f1011
1213141516171819
1a1b1c1d1e1f2021
2223242526272829
2a2b2c2d2e2f30d9
------------------------




------------------------
Received Packet
------------------------
0000010000010010
9400000288b50001
0203040506070809
0a0b0c0d0e0f1011
1213141516171819
1a1b1c1d1e1f2021
2223242526272829
2a2b2c2d2e2f3031
------------------------




------------------------
Received Packet
------------------------
0000010000010010
9400000288b50001
0203040506070809
0a0b0c0d0e0f1011
1213141516171819
1a1b1c1d1e1f2021
2223242526272829
2a2b2c2d2e2f3031
324d241a46fd0707
------------------------




------------------------
Received Packet
------------------------
0000010000010010
9400000288b50001
0203040506070809
0a0b0c0d0e0f1011
1213141516171819
1a1b1c1d1e1f2021
2223242526272829
2a2b2c2d2e2f3031
323392a9f965fd07
------------------------




------------------------
Received Packet
------------------------
0000010000010010
9400000288b50001
0203040506070809
0a0b0c0d0e0f1011
1213141516171819
1a1b1c1d1e1f2021
2223242526272829
2a2b2c2d2e2f3031
323334f910d2edfd
------------------------




------------------------
Received Packet
------------------------
0000010000010010
9400000288b50001
0203040506070809
0a0b0c0d0e0f1011
1213141516171819
1a1b1c1d1e1f2021
2223242526272829
2a2b2c2d2e2f3031
3233343506b33d40
------------------------


All packets received. Sumulation done!!!

$finish called from file "../../testbench/verilog/tb_xge_mac.sv", line 456.
$finish at simulation time             55597800
           V C S   S i m u l a t i o n   R e p o r t 
Time: 55597800 ps
CPU Time:      0.360 seconds;       Data structure size:   0.1Mb
Tue Jun  4 10:42:13 2024
CPU time: 1.176 seconds to compile + .362 seconds to elab + .258 seconds to link + .384 seconds in simulation
Verdi KDB elaboration done and the database successfully generated: 0 error(s), 0 warning(s)
