version: (200506)

available memory: 64M bytes
used memory: 81920 bytes [need 80K bytes if disable swap]

used block: 3 [memory(3) file(0)]
                 [ 8K(2) 64K(1) { total 80K bytes } ]
overhead: (9538) bytes for (3) blocks [Average: (3179) bytes/block]

write  => 0(times) 0K(bytes) [0K bytes to file]
read   => 1(times) 52K(bytes) [9K bytes compressed data from file]
access => 71905(times) 567M(bytes)
          [hit ratio: 99.9986%]

time: write(0) read(0)  unit: second

swap file directory: (/home/sf10274/AlbertLand/0UVMgetinfo/lab-project-10gEthernetMAC/sim/verilog/verdiLog)
used swap file number: (1)



swap file manager:
arrSize: (256)
idxCnt: (3)
closeHead: (1)
closeTail: (2)
openCnt: (2)
fid(2): fd(39) fileName(/home/sf10274/AlbertLand/0UVMgetinfo/lab-project-10gEthernetMAC/sim/verilog/verdiLog/_swap_0001#336204282#9263)
	size(0) lastModTime(0) curModTime(1717981254)
	mode(w+b)	hot(0) cool(1) pos(0)
fid(1): fd(1073741824) fileName(/home/sf10274/AlbertLand/0UVMgetinfo/lab-project-10gEthernetMAC/sim/verilog/simv.daidir/kdb.elab++/work.lib++/tb_xge_mac.sv.tdc)
	size(16754) lastModTime(1717890114) curModTime(1717890114)
	mode(rb)	hot(2) cool(0) pos(0)
fid(0): fd(0) fileName(NULL)
	mode(NULL)	hot(0) cool(0) pos(0)
==================================================
mySelf(0x1cd20de0) pre(0x1cd12700) next((nil))
version(200506)
date(Aug 13 2023 07:34:34)
